0 info it worked if it ends with ok
1 verbose cli [ 'C:\\Program Files\\nodejs\\node.exe',
1 verbose cli   'C:\\Program Files\\nodejs\\node_modules\\npm\\bin\\npm-cli.js',
1 verbose cli   'install',
1 verbose cli   'bcrypt' ]
2 info using npm@2.15.1
3 info using node@v4.4.4
4 verbose install initial load of C:\Users\ZhenYong.Lu\Downloads\fastline\package.json
5 verbose installManyTop reading scoped package data from C:\Users\ZhenYong.Lu\Downloads\fastline\node_modules\body-parser\package.json
6 verbose installManyTop reading scoped package data from C:\Users\ZhenYong.Lu\Downloads\fastline\node_modules\connect-flash\package.json
7 verbose installManyTop reading scoped package data from C:\Users\ZhenYong.Lu\Downloads\fastline\node_modules\cookie-parser\package.json
8 verbose installManyTop reading scoped package data from C:\Users\ZhenYong.Lu\Downloads\fastline\node_modules\debug\package.json
9 verbose installManyTop reading scoped package data from C:\Users\ZhenYong.Lu\Downloads\fastline\node_modules\ejs\package.json
10 verbose installManyTop reading scoped package data from C:\Users\ZhenYong.Lu\Downloads\fastline\node_modules\express\package.json
11 verbose installManyTop reading scoped package data from C:\Users\ZhenYong.Lu\Downloads\fastline\node_modules\express-session\package.json
12 verbose installManyTop reading scoped package data from C:\Users\ZhenYong.Lu\Downloads\fastline\node_modules\jade\package.json
13 verbose installManyTop reading scoped package data from C:\Users\ZhenYong.Lu\Downloads\fastline\node_modules\mongodb\package.json
14 verbose installManyTop reading scoped package data from C:\Users\ZhenYong.Lu\Downloads\fastline\node_modules\mongoose\package.json
15 verbose installManyTop reading scoped package data from C:\Users\ZhenYong.Lu\Downloads\fastline\node_modules\morgan\package.json
16 verbose installManyTop reading scoped package data from C:\Users\ZhenYong.Lu\Downloads\fastline\node_modules\passport\package.json
17 verbose installManyTop reading scoped package data from C:\Users\ZhenYong.Lu\Downloads\fastline\node_modules\passport-facebook\package.json
18 verbose installManyTop reading scoped package data from C:\Users\ZhenYong.Lu\Downloads\fastline\node_modules\passport-local\package.json
19 verbose installManyTop reading scoped package data from C:\Users\ZhenYong.Lu\Downloads\fastline\node_modules\serve-favicon\package.json
20 info package.json passport@0.3.2 No README data
21 info package.json connect-flash@0.1.1 No license field.
22 info package.json passport-local@1.0.0 No license field.
23 verbose readDependencies loading dependencies from C:\Users\ZhenYong.Lu\Downloads\fastline\package.json
24 silly cache add args [ 'bcrypt@^0.8.5', null ]
25 verbose cache add spec bcrypt@^0.8.5
26 silly cache add parsed spec Result {
26 silly cache add   raw: 'bcrypt@^0.8.5',
26 silly cache add   scope: null,
26 silly cache add   name: 'bcrypt',
26 silly cache add   rawSpec: '^0.8.5',
26 silly cache add   spec: '>=0.8.5 <0.9.0',
26 silly cache add   type: 'range' }
27 silly addNamed bcrypt@>=0.8.5 <0.9.0
28 verbose addNamed ">=0.8.5 <0.9.0" is a valid semver range for bcrypt
29 silly addNameRange { name: 'bcrypt', range: '>=0.8.5 <0.9.0', hasData: false }
30 silly mapToRegistry name bcrypt
31 silly mapToRegistry using default registry
32 silly mapToRegistry registry https://registry.npmjs.org/
33 silly mapToRegistry data Result {
33 silly mapToRegistry   raw: 'bcrypt',
33 silly mapToRegistry   scope: null,
33 silly mapToRegistry   name: 'bcrypt',
33 silly mapToRegistry   rawSpec: '',
33 silly mapToRegistry   spec: 'latest',
33 silly mapToRegistry   type: 'tag' }
34 silly mapToRegistry uri https://registry.npmjs.org/bcrypt
35 verbose addNameRange registry:https://registry.npmjs.org/bcrypt not in flight; fetching
36 verbose request uri https://registry.npmjs.org/bcrypt
37 verbose request no auth needed
38 info attempt registry request try #1 at 10:41:38 AM
39 verbose request id 5c3f758ca38e2af5
40 verbose etag "E4HHZMYE089UCD49WLNXKXPOH"
41 http request GET https://registry.npmjs.org/bcrypt
42 http 304 https://registry.npmjs.org/bcrypt
43 verbose headers { date: 'Wed, 18 May 2016 14:41:39 GMT',
43 verbose headers   via: '1.1 varnish',
43 verbose headers   'cache-control': 'max-age=300',
43 verbose headers   etag: '"E4HHZMYE089UCD49WLNXKXPOH"',
43 verbose headers   age: '105',
43 verbose headers   connection: 'keep-alive',
43 verbose headers   'x-served-by': 'cache-dfw1845-DFW',
43 verbose headers   'x-cache': 'HIT',
43 verbose headers   'x-cache-hits': '19',
43 verbose headers   'x-timer': 'S1463582499.375959,VS0,VE0',
43 verbose headers   vary: 'Accept-Encoding' }
44 silly get cb [ 304,
44 silly get   { date: 'Wed, 18 May 2016 14:41:39 GMT',
44 silly get     via: '1.1 varnish',
44 silly get     'cache-control': 'max-age=300',
44 silly get     etag: '"E4HHZMYE089UCD49WLNXKXPOH"',
44 silly get     age: '105',
44 silly get     connection: 'keep-alive',
44 silly get     'x-served-by': 'cache-dfw1845-DFW',
44 silly get     'x-cache': 'HIT',
44 silly get     'x-cache-hits': '19',
44 silly get     'x-timer': 'S1463582499.375959,VS0,VE0',
44 silly get     vary: 'Accept-Encoding' } ]
45 verbose etag https://registry.npmjs.org/bcrypt from cache
46 verbose get saving bcrypt to C:\Users\ZhenYong.Lu\AppData\Roaming\npm-cache\registry.npmjs.org\bcrypt\.cache.json
47 verbose correctMkdir C:\Users\ZhenYong.Lu\AppData\Roaming\npm-cache correctMkdir not in flight; initializing
48 silly addNameRange number 2 { name: 'bcrypt', range: '>=0.8.5 <0.9.0', hasData: true }
49 silly addNameRange versions [ 'bcrypt',
49 silly addNameRange   [ '0.1.2',
49 silly addNameRange     '0.2.0',
49 silly addNameRange     '0.2.1',
49 silly addNameRange     '0.1.3',
49 silly addNameRange     '0.2.2',
49 silly addNameRange     '0.2.3',
49 silly addNameRange     '0.2.4',
49 silly addNameRange     '0.3.0',
49 silly addNameRange     '0.3.1',
49 silly addNameRange     '0.3.2',
49 silly addNameRange     '0.4.0',
49 silly addNameRange     '0.4.1',
49 silly addNameRange     '0.5.0',
49 silly addNameRange     '0.6.0',
49 silly addNameRange     '0.7.0',
49 silly addNameRange     '0.7.1',
49 silly addNameRange     '0.7.2',
49 silly addNameRange     '0.7.3',
49 silly addNameRange     '0.7.4',
49 silly addNameRange     '0.7.5',
49 silly addNameRange     '0.7.6',
49 silly addNameRange     '0.7.7',
49 silly addNameRange     '0.7.8',
49 silly addNameRange     '0.8.0',
49 silly addNameRange     '0.8.1',
49 silly addNameRange     '0.8.2',
49 silly addNameRange     '0.8.3',
49 silly addNameRange     '0.8.4',
49 silly addNameRange     '0.8.5',
49 silly addNameRange     '0.8.6' ] ]
50 silly addNamed bcrypt@0.8.6
51 verbose addNamed "0.8.6" is a plain semver version for bcrypt
52 silly cache afterAdd bcrypt@0.8.6
53 verbose afterAdd C:\Users\ZhenYong.Lu\AppData\Roaming\npm-cache\bcrypt\0.8.6\package\package.json not in flight; writing
54 verbose correctMkdir C:\Users\ZhenYong.Lu\AppData\Roaming\npm-cache correctMkdir not in flight; initializing
55 verbose afterAdd C:\Users\ZhenYong.Lu\AppData\Roaming\npm-cache\bcrypt\0.8.6\package\package.json written
56 silly install resolved [ { name: 'bcrypt',
56 silly install resolved     description: 'A bcrypt library for NodeJS.',
56 silly install resolved     keywords:
56 silly install resolved      [ 'bcrypt',
56 silly install resolved        'password',
56 silly install resolved        'auth',
56 silly install resolved        'authentication',
56 silly install resolved        'encryption',
56 silly install resolved        'crypt',
56 silly install resolved        'crypto' ],
56 silly install resolved     main: './bcrypt',
56 silly install resolved     version: '0.8.6',
56 silly install resolved     author: { name: 'Nick Campbell', url: 'https://github.com/ncb000gt' },
56 silly install resolved     engines: { node: '>= 0.6.0' },
56 silly install resolved     repository:
56 silly install resolved      { type: 'git',
56 silly install resolved        url: 'git+https://github.com/ncb000gt/node.bcrypt.js.git' },
56 silly install resolved     license: 'MIT',
56 silly install resolved     bugs: { url: 'https://github.com/ncb000gt/node.bcrypt.js/issues' },
56 silly install resolved     scripts:
56 silly install resolved      { test: 'node-gyp configure build && nodeunit test',
56 silly install resolved        install: 'node-gyp rebuild' },
56 silly install resolved     dependencies: { bindings: '1.2.1', nan: '2.2.1' },
56 silly install resolved     devDependencies: { nodeunit: '~0.9.1' },
56 silly install resolved     contributors:
56 silly install resolved      [ [Object],
56 silly install resolved        [Object],
56 silly install resolved        [Object],
56 silly install resolved        [Object],
56 silly install resolved        [Object],
56 silly install resolved        [Object],
56 silly install resolved        [Object],
56 silly install resolved        [Object],
56 silly install resolved        [Object],
56 silly install resolved        [Object],
56 silly install resolved        [Object],
56 silly install resolved        [Object],
56 silly install resolved        [Object],
56 silly install resolved        [Object] ],
56 silly install resolved     gypfile: true,
56 silly install resolved     gitHead: '10f0f99232cea96446e95bf128f718b87aec3237',
56 silly install resolved     homepage: 'https://github.com/ncb000gt/node.bcrypt.js#readme',
56 silly install resolved     _id: 'bcrypt@0.8.6',
56 silly install resolved     _shasum: '182164f7d5e1de94ddd797473efd48b57b1f04b4',
56 silly install resolved     _from: 'bcrypt@>=0.8.5 <0.9.0',
56 silly install resolved     _npmVersion: '3.8.3',
56 silly install resolved     _nodeVersion: '5.10.1',
56 silly install resolved     _npmUser: { name: 'defunctzombie', email: 'shtylman@gmail.com' },
56 silly install resolved     dist:
56 silly install resolved      { shasum: '182164f7d5e1de94ddd797473efd48b57b1f04b4',
56 silly install resolved        tarball: 'https://registry.npmjs.org/bcrypt/-/bcrypt-0.8.6.tgz' },
56 silly install resolved     maintainers: [ [Object], [Object], [Object], [Object] ],
56 silly install resolved     _npmOperationalInternal:
56 silly install resolved      { host: 'packages-12-west.internal.npmjs.com',
56 silly install resolved        tmp: 'tmp/bcrypt-0.8.6.tgz_1461200578042_0.6844706872943789' },
56 silly install resolved     directories: {},
56 silly install resolved     _resolved: 'https://registry.npmjs.org/bcrypt/-/bcrypt-0.8.6.tgz',
56 silly install resolved     readme: 'ERROR: No README data found!' } ]
57 info install bcrypt@0.8.6 into C:\Users\ZhenYong.Lu\Downloads\fastline
58 info installOne bcrypt@0.8.6
59 verbose installOne of bcrypt to C:\Users\ZhenYong.Lu\Downloads\fastline not in flight; installing
60 verbose correctMkdir C:\Users\ZhenYong.Lu\AppData\Roaming\npm-cache\_locks correctMkdir not in flight; initializing
61 verbose lock using C:\Users\ZhenYong.Lu\AppData\Roaming\npm-cache\_locks\bcrypt-375d18c3028642d1.lock for C:\Users\ZhenYong.Lu\Downloads\fastline\node_modules\bcrypt
62 silly install write writing bcrypt 0.8.6 to C:\Users\ZhenYong.Lu\Downloads\fastline\node_modules\bcrypt
63 verbose unbuild node_modules\bcrypt
64 silly gentlyRm C:\Users\ZhenYong.Lu\Downloads\fastline\node_modules\bcrypt is being purged from base C:\Users\ZhenYong.Lu\Downloads\fastline
65 verbose gentlyRm don't care about contents; nuking C:\Users\ZhenYong.Lu\Downloads\fastline\node_modules\bcrypt
66 verbose tar unpack C:\Users\ZhenYong.Lu\AppData\Roaming\npm-cache\bcrypt\0.8.6\package.tgz
67 verbose tar unpacking to C:\Users\ZhenYong.Lu\Downloads\fastline\node_modules\bcrypt
68 silly gentlyRm C:\Users\ZhenYong.Lu\Downloads\fastline\node_modules\bcrypt is being purged
69 verbose gentlyRm don't care about contents; nuking C:\Users\ZhenYong.Lu\Downloads\fastline\node_modules\bcrypt
70 silly gunzTarPerm modes [ '777', '666' ]
71 silly gunzTarPerm extractEntry package.json
72 silly gunzTarPerm modified mode [ 'package.json', 420, 438 ]
73 silly gunzTarPerm extractEntry .npmignore
74 silly gunzTarPerm modified mode [ '.npmignore', 420, 438 ]
75 silly gunzTarPerm extractEntry README.md
76 silly gunzTarPerm modified mode [ 'README.md', 420, 438 ]
77 silly gunzTarPerm extractEntry LICENSE
78 silly gunzTarPerm modified mode [ 'LICENSE', 420, 438 ]
79 silly gunzTarPerm extractEntry bcrypt.js
80 silly gunzTarPerm modified mode [ 'bcrypt.js', 420, 438 ]
81 silly gunzTarPerm extractEntry Makefile
82 silly gunzTarPerm modified mode [ 'Makefile', 420, 438 ]
83 silly gunzTarPerm extractEntry .travis.yml
84 silly gunzTarPerm modified mode [ '.travis.yml', 420, 438 ]
85 silly gunzTarPerm extractEntry CHANGELOG.md
86 silly gunzTarPerm modified mode [ 'CHANGELOG.md', 420, 438 ]
87 silly gunzTarPerm extractEntry binding.gyp
88 silly gunzTarPerm modified mode [ 'binding.gyp', 420, 438 ]
89 silly gunzTarPerm extractEntry examples/async_compare.js
90 silly gunzTarPerm modified mode [ 'examples/async_compare.js', 420, 438 ]
91 silly gunzTarPerm extractEntry examples/forever_gen_salt.js
92 silly gunzTarPerm modified mode [ 'examples/forever_gen_salt.js', 420, 438 ]
93 silly gunzTarPerm extractEntry test/async.js
94 silly gunzTarPerm modified mode [ 'test/async.js', 420, 438 ]
95 silly gunzTarPerm extractEntry test/repetitions.js
96 silly gunzTarPerm modified mode [ 'test/repetitions.js', 420, 438 ]
97 silly gunzTarPerm extractEntry test/sync.js
98 silly gunzTarPerm modified mode [ 'test/sync.js', 420, 438 ]
99 silly gunzTarPerm extractEntry src/bcrypt.cc
100 silly gunzTarPerm modified mode [ 'src/bcrypt.cc', 420, 438 ]
101 silly gunzTarPerm extractEntry src/bcrypt_node.cc
102 silly gunzTarPerm modified mode [ 'src/bcrypt_node.cc', 420, 438 ]
103 silly gunzTarPerm extractEntry src/blowfish.cc
104 silly gunzTarPerm modified mode [ 'src/blowfish.cc', 420, 438 ]
105 silly gunzTarPerm extractEntry src/node_blf.h
106 silly gunzTarPerm modified mode [ 'src/node_blf.h', 420, 438 ]
107 silly gunzTarPerm extractEntry werker.yml
108 silly gunzTarPerm modified mode [ 'werker.yml', 420, 438 ]
109 verbose write writing to C:\Users\ZhenYong.Lu\Downloads\fastline\node_modules\bcrypt\package.json
110 info preinstall bcrypt@0.8.6
111 verbose readDependencies loading dependencies from C:\Users\ZhenYong.Lu\Downloads\fastline\node_modules\bcrypt\package.json
112 silly prepareForInstallMany adding bindings@1.2.1 from bcrypt dependencies
113 silly prepareForInstallMany adding nan@2.2.1 from bcrypt dependencies
114 verbose readDependencies loading dependencies from C:\Users\ZhenYong.Lu\Downloads\fastline\node_modules\bcrypt\package.json
115 silly cache add args [ 'bindings@1.2.1', null ]
116 verbose cache add spec bindings@1.2.1
117 silly cache add args [ 'nan@2.2.1', null ]
118 verbose cache add spec nan@2.2.1
119 silly cache add parsed spec Result {
119 silly cache add   raw: 'bindings@1.2.1',
119 silly cache add   scope: null,
119 silly cache add   name: 'bindings',
119 silly cache add   rawSpec: '1.2.1',
119 silly cache add   spec: '1.2.1',
119 silly cache add   type: 'version' }
120 silly addNamed bindings@1.2.1
121 verbose addNamed "1.2.1" is a plain semver version for bindings
122 silly mapToRegistry name bindings
123 silly mapToRegistry using default registry
124 silly mapToRegistry registry https://registry.npmjs.org/
125 silly mapToRegistry data Result {
125 silly mapToRegistry   raw: 'bindings',
125 silly mapToRegistry   scope: null,
125 silly mapToRegistry   name: 'bindings',
125 silly mapToRegistry   rawSpec: '',
125 silly mapToRegistry   spec: 'latest',
125 silly mapToRegistry   type: 'tag' }
126 silly mapToRegistry uri https://registry.npmjs.org/bindings
127 verbose addNameVersion registry:https://registry.npmjs.org/bindings not in flight; fetching
128 silly cache add parsed spec Result {
128 silly cache add   raw: 'nan@2.2.1',
128 silly cache add   scope: null,
128 silly cache add   name: 'nan',
128 silly cache add   rawSpec: '2.2.1',
128 silly cache add   spec: '2.2.1',
128 silly cache add   type: 'version' }
129 silly addNamed nan@2.2.1
130 verbose addNamed "2.2.1" is a plain semver version for nan
131 silly mapToRegistry name nan
132 silly mapToRegistry using default registry
133 silly mapToRegistry registry https://registry.npmjs.org/
134 silly mapToRegistry data Result {
134 silly mapToRegistry   raw: 'nan',
134 silly mapToRegistry   scope: null,
134 silly mapToRegistry   name: 'nan',
134 silly mapToRegistry   rawSpec: '',
134 silly mapToRegistry   spec: 'latest',
134 silly mapToRegistry   type: 'tag' }
135 silly mapToRegistry uri https://registry.npmjs.org/nan
136 verbose addNameVersion registry:https://registry.npmjs.org/nan not in flight; fetching
137 verbose request uri https://registry.npmjs.org/bindings
138 verbose request no auth needed
139 info attempt registry request try #1 at 10:41:38 AM
140 verbose etag "5MNVCWCD1NYN71LZKTD8QDCME"
141 http request GET https://registry.npmjs.org/bindings
142 verbose request uri https://registry.npmjs.org/nan
143 verbose request no auth needed
144 info attempt registry request try #1 at 10:41:38 AM
145 verbose etag "24B26O57Z0ASCDVIYEYKA8KVW"
146 http request GET https://registry.npmjs.org/nan
147 http 200 https://registry.npmjs.org/bindings
148 verbose headers { server: 'CouchDB/1.5.0 (Erlang OTP/R16B03)',
148 verbose headers   etag: '"2RT6XVTZER85BYEW5WAMQPU7M"',
148 verbose headers   'content-type': 'application/json',
148 verbose headers   'content-encoding': 'gzip',
148 verbose headers   'cache-control': 'max-age=300',
148 verbose headers   'content-length': '3778',
148 verbose headers   'accept-ranges': 'bytes',
148 verbose headers   date: 'Wed, 18 May 2016 14:41:39 GMT',
148 verbose headers   via: '1.1 varnish',
148 verbose headers   age: '288',
148 verbose headers   connection: 'keep-alive',
148 verbose headers   'x-served-by': 'cache-dfw1845-DFW',
148 verbose headers   'x-cache': 'HIT',
148 verbose headers   'x-cache-hits': '3',
148 verbose headers   'x-timer': 'S1463582499.557279,VS0,VE0',
148 verbose headers   vary: 'Accept-Encoding' }
149 silly get cb [ 200,
149 silly get   { server: 'CouchDB/1.5.0 (Erlang OTP/R16B03)',
149 silly get     etag: '"2RT6XVTZER85BYEW5WAMQPU7M"',
149 silly get     'content-type': 'application/json',
149 silly get     'content-encoding': 'gzip',
149 silly get     'cache-control': 'max-age=300',
149 silly get     'content-length': '3778',
149 silly get     'accept-ranges': 'bytes',
149 silly get     date: 'Wed, 18 May 2016 14:41:39 GMT',
149 silly get     via: '1.1 varnish',
149 silly get     age: '288',
149 silly get     connection: 'keep-alive',
149 silly get     'x-served-by': 'cache-dfw1845-DFW',
149 silly get     'x-cache': 'HIT',
149 silly get     'x-cache-hits': '3',
149 silly get     'x-timer': 'S1463582499.557279,VS0,VE0',
149 silly get     vary: 'Accept-Encoding' } ]
150 verbose get saving bindings to C:\Users\ZhenYong.Lu\AppData\Roaming\npm-cache\registry.npmjs.org\bindings\.cache.json
151 verbose correctMkdir C:\Users\ZhenYong.Lu\AppData\Roaming\npm-cache correctMkdir not in flight; initializing
152 silly mapToRegistry name bindings
153 silly mapToRegistry using default registry
154 silly mapToRegistry registry https://registry.npmjs.org/
155 silly mapToRegistry data Result {
155 silly mapToRegistry   raw: 'bindings',
155 silly mapToRegistry   scope: null,
155 silly mapToRegistry   name: 'bindings',
155 silly mapToRegistry   rawSpec: '',
155 silly mapToRegistry   spec: 'latest',
155 silly mapToRegistry   type: 'tag' }
156 silly mapToRegistry uri https://registry.npmjs.org/bindings
157 verbose addRemoteTarball https://registry.npmjs.org/bindings/-/bindings-1.2.1.tgz not in flight; adding
158 verbose addRemoteTarball [ 'https://registry.npmjs.org/bindings/-/bindings-1.2.1.tgz',
158 verbose addRemoteTarball   '14ad6113812d2d37d72e67b4cacb4bb726505f11' ]
159 info retry fetch attempt 1 at 10:41:39 AM
160 info attempt registry request try #1 at 10:41:39 AM
161 http fetch GET https://registry.npmjs.org/bindings/-/bindings-1.2.1.tgz
162 http fetch 200 https://registry.npmjs.org/bindings/-/bindings-1.2.1.tgz
163 silly fetchAndShaCheck shasum 14ad6113812d2d37d72e67b4cacb4bb726505f11
164 verbose addTmpTarball C:\TEMP\npm-2296-eecbad5e\registry.npmjs.org\bindings\-\bindings-1.2.1.tgz not in flight; adding
165 verbose addTmpTarball already have metadata; skipping unpack for bindings@1.2.1
166 verbose correctMkdir C:\Users\ZhenYong.Lu\AppData\Roaming\npm-cache correctMkdir not in flight; initializing
167 silly cache afterAdd bindings@1.2.1
168 verbose afterAdd C:\Users\ZhenYong.Lu\AppData\Roaming\npm-cache\bindings\1.2.1\package\package.json not in flight; writing
169 verbose correctMkdir C:\Users\ZhenYong.Lu\AppData\Roaming\npm-cache correctMkdir not in flight; initializing
170 verbose afterAdd C:\Users\ZhenYong.Lu\AppData\Roaming\npm-cache\bindings\1.2.1\package\package.json written
171 http 304 https://registry.npmjs.org/nan
172 verbose headers { date: 'Wed, 18 May 2016 14:41:39 GMT',
172 verbose headers   via: '1.1 varnish',
172 verbose headers   'cache-control': 'max-age=300',
172 verbose headers   etag: '"24B26O57Z0ASCDVIYEYKA8KVW"',
172 verbose headers   age: '24',
172 verbose headers   connection: 'keep-alive',
172 verbose headers   'x-served-by': 'cache-dfw1820-DFW',
172 verbose headers   'x-cache': 'HIT',
172 verbose headers   'x-cache-hits': '2',
172 verbose headers   'x-timer': 'S1463582499.698074,VS0,VE0',
172 verbose headers   vary: 'Accept-Encoding' }
173 silly get cb [ 304,
173 silly get   { date: 'Wed, 18 May 2016 14:41:39 GMT',
173 silly get     via: '1.1 varnish',
173 silly get     'cache-control': 'max-age=300',
173 silly get     etag: '"24B26O57Z0ASCDVIYEYKA8KVW"',
173 silly get     age: '24',
173 silly get     connection: 'keep-alive',
173 silly get     'x-served-by': 'cache-dfw1820-DFW',
173 silly get     'x-cache': 'HIT',
173 silly get     'x-cache-hits': '2',
173 silly get     'x-timer': 'S1463582499.698074,VS0,VE0',
173 silly get     vary: 'Accept-Encoding' } ]
174 verbose etag https://registry.npmjs.org/nan from cache
175 verbose get saving nan to C:\Users\ZhenYong.Lu\AppData\Roaming\npm-cache\registry.npmjs.org\nan\.cache.json
176 verbose correctMkdir C:\Users\ZhenYong.Lu\AppData\Roaming\npm-cache correctMkdir not in flight; initializing
177 silly cache afterAdd nan@2.2.1
178 verbose afterAdd C:\Users\ZhenYong.Lu\AppData\Roaming\npm-cache\nan\2.2.1\package\package.json not in flight; writing
179 verbose correctMkdir C:\Users\ZhenYong.Lu\AppData\Roaming\npm-cache correctMkdir not in flight; initializing
180 verbose afterAdd C:\Users\ZhenYong.Lu\AppData\Roaming\npm-cache\nan\2.2.1\package\package.json written
181 silly install resolved [ { name: 'bindings',
181 silly install resolved     description: 'Helper module for loading your native module\'s .node file',
181 silly install resolved     keywords: [ 'native', 'addon', 'bindings', 'gyp', 'waf', 'c', 'c++' ],
181 silly install resolved     version: '1.2.1',
181 silly install resolved     author:
181 silly install resolved      { name: 'Nathan Rajlich',
181 silly install resolved        email: 'nathan@tootallnate.net',
181 silly install resolved        url: 'http://tootallnate.net' },
181 silly install resolved     repository:
181 silly install resolved      { type: 'git',
181 silly install resolved        url: 'git://github.com/TooTallNate/node-bindings.git' },
181 silly install resolved     main: './bindings.js',
181 silly install resolved     bugs: { url: 'https://github.com/TooTallNate/node-bindings/issues' },
181 silly install resolved     homepage: 'https://github.com/TooTallNate/node-bindings',
181 silly install resolved     license: 'MIT',
181 silly install resolved     gitHead: 'e404152ee27f8478ccbc7122ee051246e8e5ec02',
181 silly install resolved     _id: 'bindings@1.2.1',
181 silly install resolved     scripts: {},
181 silly install resolved     _shasum: '14ad6113812d2d37d72e67b4cacb4bb726505f11',
181 silly install resolved     _from: 'bindings@1.2.1',
181 silly install resolved     _npmVersion: '1.4.14',
181 silly install resolved     _npmUser: { name: 'tootallnate', email: 'nathan@tootallnate.net' },
181 silly install resolved     maintainers: [ [Object], [Object] ],
181 silly install resolved     dist:
181 silly install resolved      { shasum: '14ad6113812d2d37d72e67b4cacb4bb726505f11',
181 silly install resolved        tarball: 'https://registry.npmjs.org/bindings/-/bindings-1.2.1.tgz' },
181 silly install resolved     directories: {},
181 silly install resolved     _resolved: 'https://registry.npmjs.org/bindings/-/bindings-1.2.1.tgz' },
181 silly install resolved   { name: 'nan',
181 silly install resolved     version: '2.2.1',
181 silly install resolved     description: 'Native Abstractions for Node.js: C++ header for Node 0.8 -> 4 compatibility',
181 silly install resolved     main: 'include_dirs.js',
181 silly install resolved     repository: { type: 'git', url: 'git://github.com/nodejs/nan.git' },
181 silly install resolved     scripts:
181 silly install resolved      { test: 'tap --gc test/js/*-test.js',
181 silly install resolved        'rebuild-tests': 'node-gyp rebuild --msvs_version=2013 --directory test',
181 silly install resolved        docs: 'doc/.build.sh' },
181 silly install resolved     contributors:
181 silly install resolved      [ [Object],
181 silly install resolved        [Object],
181 silly install resolved        [Object],
181 silly install resolved        [Object],
181 silly install resolved        [Object],
181 silly install resolved        [Object],
181 silly install resolved        [Object] ],
181 silly install resolved     devDependencies:
181 silly install resolved      { bindings: '~1.2.1',
181 silly install resolved        commander: '^2.8.1',
181 silly install resolved        glob: '^5.0.14',
181 silly install resolved        'node-gyp': '~3.0.1',
181 silly install resolved        tap: '~0.7.1',
181 silly install resolved        xtend: '~4.0.0' },
181 silly install resolved     license: 'MIT',
181 silly install resolved     bugs: { url: 'https://github.com/nodejs/nan/issues' },
181 silly install resolved     homepage: 'https://github.com/nodejs/nan#readme',
181 silly install resolved     _id: 'nan@2.2.1',
181 silly install resolved     _shasum: 'd68693f6b34bb41d66bc68b3a4f9defc79d7149b',
181 silly install resolved     _resolved: 'https://registry.npmjs.org/nan/-/nan-2.2.1.tgz',
181 silly install resolved     _from: 'nan@2.2.1',
181 silly install resolved     _npmVersion: '3.3.6',
181 silly install resolved     _nodeVersion: '5.0.0',
181 silly install resolved     _npmUser: { name: 'kkoopa', email: 'bbyholm@abo.fi' },
181 silly install resolved     dist:
181 silly install resolved      { shasum: 'd68693f6b34bb41d66bc68b3a4f9defc79d7149b',
181 silly install resolved        tarball: 'https://registry.npmjs.org/nan/-/nan-2.2.1.tgz' },
181 silly install resolved     maintainers: [ [Object], [Object] ],
181 silly install resolved     _npmOperationalInternal:
181 silly install resolved      { host: 'packages-12-west.internal.npmjs.com',
181 silly install resolved        tmp: 'tmp/nan-2.2.1.tgz_1459265439909_0.12396649201400578' },
181 silly install resolved     directories: {},
181 silly install resolved     readme: 'ERROR: No README data found!' } ]
182 info install bindings@1.2.1 into C:\Users\ZhenYong.Lu\Downloads\fastline\node_modules\bcrypt
183 info install nan@2.2.1 into C:\Users\ZhenYong.Lu\Downloads\fastline\node_modules\bcrypt
184 info installOne bindings@1.2.1
185 verbose installOne of bindings to C:\Users\ZhenYong.Lu\Downloads\fastline\node_modules\bcrypt not in flight; installing
186 verbose correctMkdir C:\Users\ZhenYong.Lu\AppData\Roaming\npm-cache\_locks correctMkdir not in flight; initializing
187 info installOne nan@2.2.1
188 verbose installOne of nan to C:\Users\ZhenYong.Lu\Downloads\fastline\node_modules\bcrypt not in flight; installing
189 verbose correctMkdir C:\Users\ZhenYong.Lu\AppData\Roaming\npm-cache\_locks correctMkdir not in flight; initializing
190 verbose lock using C:\Users\ZhenYong.Lu\AppData\Roaming\npm-cache\_locks\bindings-2f4e3b6d37fa73f1.lock for C:\Users\ZhenYong.Lu\Downloads\fastline\node_modules\bcrypt\node_modules\bindings
191 verbose lock using C:\Users\ZhenYong.Lu\AppData\Roaming\npm-cache\_locks\nan-21f8245ea0b937ab.lock for C:\Users\ZhenYong.Lu\Downloads\fastline\node_modules\bcrypt\node_modules\nan
192 silly install write writing bindings 1.2.1 to C:\Users\ZhenYong.Lu\Downloads\fastline\node_modules\bcrypt\node_modules\bindings
193 silly install write writing nan 2.2.1 to C:\Users\ZhenYong.Lu\Downloads\fastline\node_modules\bcrypt\node_modules\nan
194 verbose unbuild node_modules\bcrypt\node_modules\bindings
195 verbose unbuild node_modules\bcrypt\node_modules\nan
196 silly gentlyRm C:\Users\ZhenYong.Lu\Downloads\fastline\node_modules\bcrypt\node_modules\bindings is being purged from base C:\Users\ZhenYong.Lu\Downloads\fastline
197 verbose gentlyRm don't care about contents; nuking C:\Users\ZhenYong.Lu\Downloads\fastline\node_modules\bcrypt\node_modules\bindings
198 verbose tar unpack C:\Users\ZhenYong.Lu\AppData\Roaming\npm-cache\bindings\1.2.1\package.tgz
199 verbose tar unpacking to C:\Users\ZhenYong.Lu\Downloads\fastline\node_modules\bcrypt\node_modules\bindings
200 silly gentlyRm C:\Users\ZhenYong.Lu\Downloads\fastline\node_modules\bcrypt\node_modules\bindings is being purged
201 verbose gentlyRm don't care about contents; nuking C:\Users\ZhenYong.Lu\Downloads\fastline\node_modules\bcrypt\node_modules\bindings
202 silly gentlyRm C:\Users\ZhenYong.Lu\Downloads\fastline\node_modules\bcrypt\node_modules\nan is being purged from base C:\Users\ZhenYong.Lu\Downloads\fastline
203 verbose gentlyRm don't care about contents; nuking C:\Users\ZhenYong.Lu\Downloads\fastline\node_modules\bcrypt\node_modules\nan
204 silly gunzTarPerm modes [ '777', '666' ]
205 verbose tar unpack C:\Users\ZhenYong.Lu\AppData\Roaming\npm-cache\nan\2.2.1\package.tgz
206 verbose tar unpacking to C:\Users\ZhenYong.Lu\Downloads\fastline\node_modules\bcrypt\node_modules\nan
207 silly gentlyRm C:\Users\ZhenYong.Lu\Downloads\fastline\node_modules\bcrypt\node_modules\nan is being purged
208 verbose gentlyRm don't care about contents; nuking C:\Users\ZhenYong.Lu\Downloads\fastline\node_modules\bcrypt\node_modules\nan
209 silly gunzTarPerm modes [ '777', '666' ]
210 silly gunzTarPerm extractEntry package.json
211 silly gunzTarPerm modified mode [ 'package.json', 420, 438 ]
212 silly gunzTarPerm extractEntry package.json
213 silly gunzTarPerm modified mode [ 'package.json', 436, 438 ]
214 silly gunzTarPerm extractEntry README.md
215 silly gunzTarPerm modified mode [ 'README.md', 420, 438 ]
216 silly gunzTarPerm extractEntry bindings.js
217 silly gunzTarPerm modified mode [ 'bindings.js', 420, 438 ]
218 silly gunzTarPerm extractEntry include_dirs.js
219 silly gunzTarPerm modified mode [ 'include_dirs.js', 436, 438 ]
220 silly gunzTarPerm extractEntry nan_converters.h
221 silly gunzTarPerm modified mode [ 'nan_converters.h', 436, 438 ]
222 silly gunzTarPerm extractEntry LICENSE.md
223 silly gunzTarPerm modified mode [ 'LICENSE.md', 436, 438 ]
224 silly gunzTarPerm extractEntry .dntrc
225 silly gunzTarPerm modified mode [ '.dntrc', 436, 438 ]
226 silly gunzTarPerm extractEntry appveyor.yml
227 silly gunzTarPerm modified mode [ 'appveyor.yml', 436, 438 ]
228 silly gunzTarPerm extractEntry doc/new.md
229 silly gunzTarPerm modified mode [ 'doc/new.md', 436, 438 ]
230 verbose write writing to C:\Users\ZhenYong.Lu\Downloads\fastline\node_modules\bcrypt\node_modules\bindings\package.json
231 silly gunzTarPerm extractEntry doc/.build.sh
232 silly gunzTarPerm modified mode [ 'doc/.build.sh', 509, 511 ]
233 info preinstall bindings@1.2.1
234 silly gunzTarPerm extractEntry doc/buffers.md
235 silly gunzTarPerm modified mode [ 'doc/buffers.md', 436, 438 ]
236 silly gunzTarPerm extractEntry doc/callback.md
237 silly gunzTarPerm modified mode [ 'doc/callback.md', 436, 438 ]
238 verbose readDependencies loading dependencies from C:\Users\ZhenYong.Lu\Downloads\fastline\node_modules\bcrypt\node_modules\bindings\package.json
239 silly gunzTarPerm extractEntry doc/converters.md
240 silly gunzTarPerm modified mode [ 'doc/converters.md', 436, 438 ]
241 silly gunzTarPerm extractEntry doc/errors.md
242 silly gunzTarPerm modified mode [ 'doc/errors.md', 436, 438 ]
243 verbose readDependencies loading dependencies from C:\Users\ZhenYong.Lu\Downloads\fastline\node_modules\bcrypt\node_modules\bindings\package.json
244 silly install resolved []
245 verbose about to build C:\Users\ZhenYong.Lu\Downloads\fastline\node_modules\bcrypt\node_modules\bindings
246 info build C:\Users\ZhenYong.Lu\Downloads\fastline\node_modules\bcrypt\node_modules\bindings
247 silly gunzTarPerm extractEntry doc/maybe_types.md
248 silly gunzTarPerm modified mode [ 'doc/maybe_types.md', 436, 438 ]
249 silly gunzTarPerm extractEntry doc/methods.md
250 silly gunzTarPerm modified mode [ 'doc/methods.md', 436, 438 ]
251 info linkStuff bindings@1.2.1
252 silly linkStuff bindings@1.2.1 has C:\Users\ZhenYong.Lu\Downloads\fastline\node_modules\bcrypt\node_modules as its parent node_modules
253 silly gunzTarPerm extractEntry doc/asyncworker.md
254 silly gunzTarPerm modified mode [ 'doc/asyncworker.md', 436, 438 ]
255 silly gunzTarPerm extractEntry doc/node_misc.md
256 silly gunzTarPerm modified mode [ 'doc/node_misc.md', 436, 438 ]
257 verbose linkBins bindings@1.2.1
258 verbose linkMans bindings@1.2.1
259 verbose rebuildBundles bindings@1.2.1
260 info install bindings@1.2.1
261 info postinstall bindings@1.2.1
262 verbose unlock done using C:\Users\ZhenYong.Lu\AppData\Roaming\npm-cache\_locks\bindings-2f4e3b6d37fa73f1.lock for C:\Users\ZhenYong.Lu\Downloads\fastline\node_modules\bcrypt\node_modules\bindings
263 silly gunzTarPerm extractEntry doc/object_wrappers.md
264 silly gunzTarPerm modified mode [ 'doc/object_wrappers.md', 436, 438 ]
265 silly gunzTarPerm extractEntry doc/persistent.md
266 silly gunzTarPerm modified mode [ 'doc/persistent.md', 436, 438 ]
267 silly gunzTarPerm extractEntry doc/scopes.md
268 silly gunzTarPerm modified mode [ 'doc/scopes.md', 436, 438 ]
269 silly gunzTarPerm extractEntry doc/script.md
270 silly gunzTarPerm modified mode [ 'doc/script.md', 436, 438 ]
271 silly gunzTarPerm extractEntry doc/string_bytes.md
272 silly gunzTarPerm modified mode [ 'doc/string_bytes.md', 436, 438 ]
273 silly gunzTarPerm extractEntry doc/v8_internals.md
274 silly gunzTarPerm modified mode [ 'doc/v8_internals.md', 436, 438 ]
275 silly gunzTarPerm extractEntry doc/v8_misc.md
276 silly gunzTarPerm modified mode [ 'doc/v8_misc.md', 436, 438 ]
277 silly gunzTarPerm extractEntry nan.h
278 silly gunzTarPerm modified mode [ 'nan.h', 436, 438 ]
279 silly gunzTarPerm extractEntry nan_callbacks.h
280 silly gunzTarPerm modified mode [ 'nan_callbacks.h', 436, 438 ]
281 silly gunzTarPerm extractEntry nan_callbacks_12_inl.h
282 silly gunzTarPerm modified mode [ 'nan_callbacks_12_inl.h', 436, 438 ]
283 silly gunzTarPerm extractEntry nan_callbacks_pre_12_inl.h
284 silly gunzTarPerm modified mode [ 'nan_callbacks_pre_12_inl.h', 436, 438 ]
285 silly gunzTarPerm extractEntry nan_converters_43_inl.h
286 silly gunzTarPerm modified mode [ 'nan_converters_43_inl.h', 436, 438 ]
287 silly gunzTarPerm extractEntry nan_converters_pre_43_inl.h
288 silly gunzTarPerm modified mode [ 'nan_converters_pre_43_inl.h', 436, 438 ]
289 silly gunzTarPerm extractEntry nan_implementation_12_inl.h
290 silly gunzTarPerm modified mode [ 'nan_implementation_12_inl.h', 436, 438 ]
291 silly gunzTarPerm extractEntry nan_implementation_pre_12_inl.h
292 silly gunzTarPerm modified mode [ 'nan_implementation_pre_12_inl.h', 436, 438 ]
293 silly gunzTarPerm extractEntry nan_maybe_43_inl.h
294 silly gunzTarPerm modified mode [ 'nan_maybe_43_inl.h', 436, 438 ]
295 silly gunzTarPerm extractEntry nan_maybe_pre_43_inl.h
296 silly gunzTarPerm modified mode [ 'nan_maybe_pre_43_inl.h', 436, 438 ]
297 silly gunzTarPerm extractEntry nan_new.h
298 silly gunzTarPerm modified mode [ 'nan_new.h', 436, 438 ]
299 silly gunzTarPerm extractEntry nan_object_wrap.h
300 silly gunzTarPerm modified mode [ 'nan_object_wrap.h', 436, 438 ]
301 silly gunzTarPerm extractEntry nan_persistent_12_inl.h
302 silly gunzTarPerm modified mode [ 'nan_persistent_12_inl.h', 436, 438 ]
303 silly gunzTarPerm extractEntry nan_persistent_pre_12_inl.h
304 silly gunzTarPerm modified mode [ 'nan_persistent_pre_12_inl.h', 436, 438 ]
305 silly gunzTarPerm extractEntry nan_string_bytes.h
306 silly gunzTarPerm modified mode [ 'nan_string_bytes.h', 436, 438 ]
307 silly gunzTarPerm extractEntry nan_typedarray_contents.h
308 silly gunzTarPerm modified mode [ 'nan_typedarray_contents.h', 436, 438 ]
309 silly gunzTarPerm extractEntry nan_weak.h
310 silly gunzTarPerm modified mode [ 'nan_weak.h', 436, 438 ]
311 silly gunzTarPerm extractEntry CHANGELOG.md
312 silly gunzTarPerm modified mode [ 'CHANGELOG.md', 436, 438 ]
313 silly gunzTarPerm extractEntry tools/package.json
314 silly gunzTarPerm modified mode [ 'tools/package.json', 436, 438 ]
315 silly gunzTarPerm extractEntry tools/README.md
316 silly gunzTarPerm modified mode [ 'tools/README.md', 436, 438 ]
317 silly gunzTarPerm extractEntry tools/1to2.js
318 silly gunzTarPerm modified mode [ 'tools/1to2.js', 509, 511 ]
319 verbose write writing to C:\Users\ZhenYong.Lu\Downloads\fastline\node_modules\bcrypt\node_modules\nan\package.json
320 info preinstall nan@2.2.1
321 verbose readDependencies loading dependencies from C:\Users\ZhenYong.Lu\Downloads\fastline\node_modules\bcrypt\node_modules\nan\package.json
322 verbose readDependencies loading dependencies from C:\Users\ZhenYong.Lu\Downloads\fastline\node_modules\bcrypt\node_modules\nan\package.json
323 silly install resolved []
324 verbose about to build C:\Users\ZhenYong.Lu\Downloads\fastline\node_modules\bcrypt\node_modules\nan
325 info build C:\Users\ZhenYong.Lu\Downloads\fastline\node_modules\bcrypt\node_modules\nan
326 info linkStuff nan@2.2.1
327 silly linkStuff nan@2.2.1 has C:\Users\ZhenYong.Lu\Downloads\fastline\node_modules\bcrypt\node_modules as its parent node_modules
328 verbose linkBins nan@2.2.1
329 verbose linkMans nan@2.2.1
330 verbose rebuildBundles nan@2.2.1
331 info install nan@2.2.1
332 info postinstall nan@2.2.1
333 verbose unlock done using C:\Users\ZhenYong.Lu\AppData\Roaming\npm-cache\_locks\nan-21f8245ea0b937ab.lock for C:\Users\ZhenYong.Lu\Downloads\fastline\node_modules\bcrypt\node_modules\nan
334 verbose about to build C:\Users\ZhenYong.Lu\Downloads\fastline\node_modules\bcrypt
335 info build C:\Users\ZhenYong.Lu\Downloads\fastline\node_modules\bcrypt
336 info linkStuff bcrypt@0.8.6
337 silly linkStuff bcrypt@0.8.6 has C:\Users\ZhenYong.Lu\Downloads\fastline\node_modules as its parent node_modules
338 verbose linkBins bcrypt@0.8.6
339 verbose linkMans bcrypt@0.8.6
340 verbose rebuildBundles bcrypt@0.8.6
341 verbose rebuildBundles [ 'bindings', 'nan' ]
342 info install bcrypt@0.8.6
343 verbose unsafe-perm in lifecycle true
344 info bcrypt@0.8.6 Failed to exec install script
345 verbose unlock done using C:\Users\ZhenYong.Lu\AppData\Roaming\npm-cache\_locks\bcrypt-375d18c3028642d1.lock for C:\Users\ZhenYong.Lu\Downloads\fastline\node_modules\bcrypt
346 verbose stack Error: bcrypt@0.8.6 install: `node-gyp rebuild`
346 verbose stack Exit status 1
346 verbose stack     at EventEmitter.<anonymous> (C:\Program Files\nodejs\node_modules\npm\lib\utils\lifecycle.js:217:16)
346 verbose stack     at emitTwo (events.js:87:13)
346 verbose stack     at EventEmitter.emit (events.js:172:7)
346 verbose stack     at ChildProcess.<anonymous> (C:\Program Files\nodejs\node_modules\npm\lib\utils\spawn.js:24:14)
346 verbose stack     at emitTwo (events.js:87:13)
346 verbose stack     at ChildProcess.emit (events.js:172:7)
346 verbose stack     at maybeClose (internal/child_process.js:827:16)
346 verbose stack     at Process.ChildProcess._handle.onexit (internal/child_process.js:211:5)
347 verbose pkgid bcrypt@0.8.6
348 verbose cwd C:\Users\ZhenYong.Lu\Downloads\fastline
349 error Windows_NT 6.1.7601
350 error argv "C:\\Program Files\\nodejs\\node.exe" "C:\\Program Files\\nodejs\\node_modules\\npm\\bin\\npm-cli.js" "install" "bcrypt"
351 error node v4.4.4
352 error npm  v2.15.1
353 error code ELIFECYCLE
354 error bcrypt@0.8.6 install: `node-gyp rebuild`
354 error Exit status 1
355 error Failed at the bcrypt@0.8.6 install script 'node-gyp rebuild'.
355 error This is most likely a problem with the bcrypt package,
355 error not with npm itself.
355 error Tell the author that this fails on your system:
355 error     node-gyp rebuild
355 error You can get information on how to open an issue for this project with:
355 error     npm bugs bcrypt
355 error Or if that isn't available, you can get their info via:
355 error
355 error     npm owner ls bcrypt
355 error There is likely additional logging output above.
356 verbose exit [ 1, true ]
357 verbose unbuild node_modules\bcrypt
358 info preuninstall bcrypt@0.8.6
359 info uninstall bcrypt@0.8.6
360 verbose unbuild rmStuff bcrypt@0.8.6 from C:\Users\ZhenYong.Lu\Downloads\fastline\node_modules
361 info postuninstall bcrypt@0.8.6
362 silly gentlyRm C:\Users\ZhenYong.Lu\Downloads\fastline\node_modules\bcrypt is being purged from base C:\Users\ZhenYong.Lu\Downloads\fastline
363 verbose gentlyRm don't care about contents; nuking C:\Users\ZhenYong.Lu\Downloads\fastline\node_modules\bcrypt
364 silly vacuum-fs purging C:\Users\ZhenYong.Lu\Downloads\fastline\node_modules\bcrypt
365 silly vacuum-fs quitting because other entries in C:\Users\ZhenYong.Lu\Downloads\fastline\node_modules
